2025-08-18 21:20:33,156 INFO - Task context logging is enabled
2025-08-18 21:20:33,158 INFO - Loaded executor: LocalExecutor
2025-08-18 21:20:38,451 INFO - Starting the scheduler
2025-08-18 21:20:38,454 INFO - Processing each file at most -1 times
2025-08-18 21:20:38,994 INFO - Launched DagFileProcessorManager with pid: 130398
2025-08-18 21:20:38,999 INFO - Adopting or resetting orphaned tasks for active dag runs
2025-08-18 21:20:39,014 INFO - Configured default timezone UTC
2025-08-18 21:20:39,120 INFO - Marked 1 SchedulerJob instances as failed
2025-08-18 21:23:43,086 INFO - 1 tasks up for execution:
	<TaskInstance: ge_regex_validation_dag.run_ge_validator manual__2025-08-18T21:23:42.166656+00:00 [scheduled]>
2025-08-18 21:23:43,088 INFO - DAG ge_regex_validation_dag has 0/16 running and queued tasks
2025-08-18 21:23:43,089 INFO - Setting the following tasks to queued state:
	<TaskInstance: ge_regex_validation_dag.run_ge_validator manual__2025-08-18T21:23:42.166656+00:00 [scheduled]>
2025-08-18 21:23:43,096 INFO - Sending TaskInstanceKey(dag_id='ge_regex_validation_dag', task_id='run_ge_validator', run_id='manual__2025-08-18T21:23:42.166656+00:00', try_number=1, map_index=-1) to executor with priority 1 and queue default
2025-08-18 21:23:43,097 INFO - Adding to queue: ['airflow', 'tasks', 'run', 'ge_regex_validation_dag', 'run_ge_validator', 'manual__2025-08-18T21:23:42.166656+00:00', '--local', '--subdir', 'DAGS_FOLDER/ge_validation_dag.py']
2025-08-18 21:23:43,136 INFO - QueuedLocalWorker running ['airflow', 'tasks', 'run', 'ge_regex_validation_dag', 'run_ge_validator', 'manual__2025-08-18T21:23:42.166656+00:00', '--local', '--subdir', 'DAGS_FOLDER/ge_validation_dag.py']
2025-08-18 21:23:43,344 INFO - Filling up the DagBag from /home/ashahi/PFE/pip/data_quality/orchestration/dags/ge_validation_dag.py
2025-08-18 21:23:44,437 INFO - Running <TaskInstance: ge_regex_validation_dag.run_ge_validator manual__2025-08-18T21:23:42.166656+00:00 [queued]> on host AshLaptop.
2025-08-18 21:23:47,073 ERROR - Marking run <DagRun ge_regex_validation_dag @ 2025-08-18 21:23:42.166656+00:00: manual__2025-08-18T21:23:42.166656+00:00, state:running, queued_at: 2025-08-18 21:23:42.269537+00:00. externally triggered: True> failed
2025-08-18 21:23:47,083 INFO - DagRun Finished: dag_id=ge_regex_validation_dag, execution_date=2025-08-18 21:23:42.166656+00:00, run_id=manual__2025-08-18T21:23:42.166656+00:00, run_start_date=2025-08-18 21:23:42.900366+00:00, run_end_date=2025-08-18 21:23:47.082908+00:00, run_duration=4.182542, state=failed, external_trigger=True, run_type=manual, data_interval_start=2025-08-18 21:23:42.166656+00:00, data_interval_end=2025-08-18 21:23:42.166656+00:00, dag_hash=e3000500ee27bb3f64c0798bc7014482
2025-08-18 21:23:47,121 INFO - Received executor event with state success for task instance TaskInstanceKey(dag_id='ge_regex_validation_dag', task_id='run_ge_validator', run_id='manual__2025-08-18T21:23:42.166656+00:00', try_number=1, map_index=-1)
2025-08-18 21:23:47,143 INFO - TaskInstance Finished: dag_id=ge_regex_validation_dag, task_id=run_ge_validator, run_id=manual__2025-08-18T21:23:42.166656+00:00, map_index=-1, run_start_date=2025-08-18 21:23:44.788063+00:00, run_end_date=2025-08-18 21:23:46.665376+00:00, run_duration=1.877313, state=failed, executor_state=success, try_number=1, max_tries=0, job_id=3, pool=default_pool, queue=default, priority_weight=1, operator=PythonOperator, queued_dttm=2025-08-18 21:23:43.091804+00:00, queued_by_job_id=2, pid=130847
2025-08-18 21:24:09,325 INFO - 1 tasks up for execution:
	<TaskInstance: ge_regex_validation_dag.run_ge_validator manual__2025-08-18T21:24:08.473426+00:00 [scheduled]>
2025-08-18 21:24:09,326 INFO - DAG ge_regex_validation_dag has 0/16 running and queued tasks
2025-08-18 21:24:09,326 INFO - Setting the following tasks to queued state:
	<TaskInstance: ge_regex_validation_dag.run_ge_validator manual__2025-08-18T21:24:08.473426+00:00 [scheduled]>
2025-08-18 21:24:09,330 INFO - Sending TaskInstanceKey(dag_id='ge_regex_validation_dag', task_id='run_ge_validator', run_id='manual__2025-08-18T21:24:08.473426+00:00', try_number=1, map_index=-1) to executor with priority 1 and queue default
2025-08-18 21:24:09,331 INFO - Adding to queue: ['airflow', 'tasks', 'run', 'ge_regex_validation_dag', 'run_ge_validator', 'manual__2025-08-18T21:24:08.473426+00:00', '--local', '--subdir', 'DAGS_FOLDER/ge_validation_dag.py']
2025-08-18 21:24:09,339 INFO - QueuedLocalWorker running ['airflow', 'tasks', 'run', 'ge_regex_validation_dag', 'run_ge_validator', 'manual__2025-08-18T21:24:08.473426+00:00', '--local', '--subdir', 'DAGS_FOLDER/ge_validation_dag.py']
2025-08-18 21:24:09,430 INFO - Filling up the DagBag from /home/ashahi/PFE/pip/data_quality/orchestration/dags/ge_validation_dag.py
2025-08-18 21:24:10,086 INFO - Running <TaskInstance: ge_regex_validation_dag.run_ge_validator manual__2025-08-18T21:24:08.473426+00:00 [queued]> on host AshLaptop.
2025-08-18 21:24:14,584 ERROR - Marking run <DagRun ge_regex_validation_dag @ 2025-08-18 21:24:08.473426+00:00: manual__2025-08-18T21:24:08.473426+00:00, state:running, queued_at: 2025-08-18 21:24:08.500215+00:00. externally triggered: True> failed
2025-08-18 21:24:14,588 INFO - DagRun Finished: dag_id=ge_regex_validation_dag, execution_date=2025-08-18 21:24:08.473426+00:00, run_id=manual__2025-08-18T21:24:08.473426+00:00, run_start_date=2025-08-18 21:24:09.261846+00:00, run_end_date=2025-08-18 21:24:14.587828+00:00, run_duration=5.325982, state=failed, external_trigger=True, run_type=manual, data_interval_start=2025-08-18 21:24:08.473426+00:00, data_interval_end=2025-08-18 21:24:08.473426+00:00, dag_hash=e3000500ee27bb3f64c0798bc7014482
2025-08-18 21:24:14,634 INFO - Received executor event with state success for task instance TaskInstanceKey(dag_id='ge_regex_validation_dag', task_id='run_ge_validator', run_id='manual__2025-08-18T21:24:08.473426+00:00', try_number=1, map_index=-1)
2025-08-18 21:24:14,642 INFO - TaskInstance Finished: dag_id=ge_regex_validation_dag, task_id=run_ge_validator, run_id=manual__2025-08-18T21:24:08.473426+00:00, map_index=-1, run_start_date=2025-08-18 21:24:13.161126+00:00, run_end_date=2025-08-18 21:24:14.143488+00:00, run_duration=0.982362, state=failed, executor_state=success, try_number=1, max_tries=0, job_id=4, pool=default_pool, queue=default, priority_weight=1, operator=PythonOperator, queued_dttm=2025-08-18 21:24:09.327958+00:00, queued_by_job_id=2, pid=130922
2025-08-18 21:24:36,904 INFO - 1 tasks up for execution:
	<TaskInstance: ge_regex_validation_dag.run_ge_validator manual__2025-08-18T21:24:36.373783+00:00 [scheduled]>
2025-08-18 21:24:36,906 INFO - DAG ge_regex_validation_dag has 0/16 running and queued tasks
2025-08-18 21:24:36,907 INFO - Setting the following tasks to queued state:
	<TaskInstance: ge_regex_validation_dag.run_ge_validator manual__2025-08-18T21:24:36.373783+00:00 [scheduled]>
2025-08-18 21:24:36,912 INFO - Sending TaskInstanceKey(dag_id='ge_regex_validation_dag', task_id='run_ge_validator', run_id='manual__2025-08-18T21:24:36.373783+00:00', try_number=1, map_index=-1) to executor with priority 1 and queue default
2025-08-18 21:24:36,930 INFO - Adding to queue: ['airflow', 'tasks', 'run', 'ge_regex_validation_dag', 'run_ge_validator', 'manual__2025-08-18T21:24:36.373783+00:00', '--local', '--subdir', 'DAGS_FOLDER/ge_validation_dag.py']
2025-08-18 21:24:36,945 INFO - QueuedLocalWorker running ['airflow', 'tasks', 'run', 'ge_regex_validation_dag', 'run_ge_validator', 'manual__2025-08-18T21:24:36.373783+00:00', '--local', '--subdir', 'DAGS_FOLDER/ge_validation_dag.py']
2025-08-18 21:24:37,145 INFO - Filling up the DagBag from /home/ashahi/PFE/pip/data_quality/orchestration/dags/ge_validation_dag.py
2025-08-18 21:24:38,813 INFO - Running <TaskInstance: ge_regex_validation_dag.run_ge_validator manual__2025-08-18T21:24:36.373783+00:00 [queued]> on host AshLaptop.
2025-08-18 21:24:40,050 ERROR - Marking run <DagRun ge_regex_validation_dag @ 2025-08-18 21:24:36.373783+00:00: manual__2025-08-18T21:24:36.373783+00:00, state:running, queued_at: 2025-08-18 21:24:36.413477+00:00. externally triggered: True> failed
2025-08-18 21:24:40,061 INFO - DagRun Finished: dag_id=ge_regex_validation_dag, execution_date=2025-08-18 21:24:36.373783+00:00, run_id=manual__2025-08-18T21:24:36.373783+00:00, run_start_date=2025-08-18 21:24:36.710016+00:00, run_end_date=2025-08-18 21:24:40.060846+00:00, run_duration=3.35083, state=failed, external_trigger=True, run_type=manual, data_interval_start=2025-08-18 21:24:36.373783+00:00, data_interval_end=2025-08-18 21:24:36.373783+00:00, dag_hash=e3000500ee27bb3f64c0798bc7014482
2025-08-18 21:24:40,097 INFO - Received executor event with state success for task instance TaskInstanceKey(dag_id='ge_regex_validation_dag', task_id='run_ge_validator', run_id='manual__2025-08-18T21:24:36.373783+00:00', try_number=1, map_index=-1)
2025-08-18 21:24:40,106 INFO - TaskInstance Finished: dag_id=ge_regex_validation_dag, task_id=run_ge_validator, run_id=manual__2025-08-18T21:24:36.373783+00:00, map_index=-1, run_start_date=2025-08-18 21:24:39.053370+00:00, run_end_date=2025-08-18 21:24:39.753399+00:00, run_duration=0.700029, state=failed, executor_state=success, try_number=1, max_tries=0, job_id=5, pool=default_pool, queue=default, priority_weight=1, operator=PythonOperator, queued_dttm=2025-08-18 21:24:36.909439+00:00, queued_by_job_id=2, pid=130994
2025-08-18 21:26:04,335 INFO - Adopting or resetting orphaned tasks for active dag runs
2025-08-18 21:30:41,536 INFO - 1 tasks up for execution:
	<TaskInstance: ge_regex_validation_dag.run_ge_validator manual__2025-08-18T21:30:40.425101+00:00 [scheduled]>
2025-08-18 21:30:41,539 INFO - DAG ge_regex_validation_dag has 0/16 running and queued tasks
2025-08-18 21:30:41,540 INFO - Setting the following tasks to queued state:
	<TaskInstance: ge_regex_validation_dag.run_ge_validator manual__2025-08-18T21:30:40.425101+00:00 [scheduled]>
2025-08-18 21:30:41,547 INFO - Sending TaskInstanceKey(dag_id='ge_regex_validation_dag', task_id='run_ge_validator', run_id='manual__2025-08-18T21:30:40.425101+00:00', try_number=1, map_index=-1) to executor with priority 1 and queue default
2025-08-18 21:30:41,550 INFO - Adding to queue: ['airflow', 'tasks', 'run', 'ge_regex_validation_dag', 'run_ge_validator', 'manual__2025-08-18T21:30:40.425101+00:00', '--local', '--subdir', 'DAGS_FOLDER/ge_validation_dag.py']
2025-08-18 21:30:41,620 INFO - QueuedLocalWorker running ['airflow', 'tasks', 'run', 'ge_regex_validation_dag', 'run_ge_validator', 'manual__2025-08-18T21:30:40.425101+00:00', '--local', '--subdir', 'DAGS_FOLDER/ge_validation_dag.py']
2025-08-18 21:30:41,827 INFO - Filling up the DagBag from /home/ashahi/PFE/pip/data_quality/orchestration/dags/ge_validation_dag.py
2025-08-18 21:30:43,297 INFO - Running <TaskInstance: ge_regex_validation_dag.run_ge_validator manual__2025-08-18T21:30:40.425101+00:00 [queued]> on host AshLaptop.
2025-08-18 21:30:45,210 ERROR - Marking run <DagRun ge_regex_validation_dag @ 2025-08-18 21:30:40.425101+00:00: manual__2025-08-18T21:30:40.425101+00:00, state:running, queued_at: 2025-08-18 21:30:40.464477+00:00. externally triggered: True> failed
2025-08-18 21:30:45,213 INFO - DagRun Finished: dag_id=ge_regex_validation_dag, execution_date=2025-08-18 21:30:40.425101+00:00, run_id=manual__2025-08-18T21:30:40.425101+00:00, run_start_date=2025-08-18 21:30:41.456796+00:00, run_end_date=2025-08-18 21:30:45.212880+00:00, run_duration=3.756084, state=failed, external_trigger=True, run_type=manual, data_interval_start=2025-08-18 21:30:40.425101+00:00, data_interval_end=2025-08-18 21:30:40.425101+00:00, dag_hash=e3000500ee27bb3f64c0798bc7014482
2025-08-18 21:30:45,279 INFO - Received executor event with state success for task instance TaskInstanceKey(dag_id='ge_regex_validation_dag', task_id='run_ge_validator', run_id='manual__2025-08-18T21:30:40.425101+00:00', try_number=1, map_index=-1)
2025-08-18 21:30:45,295 INFO - TaskInstance Finished: dag_id=ge_regex_validation_dag, task_id=run_ge_validator, run_id=manual__2025-08-18T21:30:40.425101+00:00, map_index=-1, run_start_date=2025-08-18 21:30:43.529733+00:00, run_end_date=2025-08-18 21:30:44.075110+00:00, run_duration=0.545377, state=failed, executor_state=success, try_number=1, max_tries=0, job_id=6, pool=default_pool, queue=default, priority_weight=1, operator=PythonOperator, queued_dttm=2025-08-18 21:30:41.542160+00:00, queued_by_job_id=2, pid=131682
2025-08-18 21:31:29,103 INFO - Adopting or resetting orphaned tasks for active dag runs
2025-08-18 21:36:52,795 INFO - Adopting or resetting orphaned tasks for active dag runs
2025-08-18 21:42:14,938 INFO - Adopting or resetting orphaned tasks for active dag runs
2025-08-18 21:47:37,374 INFO - Adopting or resetting orphaned tasks for active dag runs
2025-08-18 21:53:00,089 INFO - Adopting or resetting orphaned tasks for active dag runs
2025-08-18 21:58:24,881 INFO - Adopting or resetting orphaned tasks for active dag runs
2025-08-18 22:03:49,653 INFO - Adopting or resetting orphaned tasks for active dag runs
2025-08-18 22:09:08,852 INFO - Adopting or resetting orphaned tasks for active dag runs
2025-08-18 22:11:49,862 INFO - Exiting gracefully upon receiving signal 15
2025-08-18 22:11:50,571 INFO - Sending Signals.SIGTERM to group 130398. PIDs of all processes in the group: []
2025-08-18 22:11:50,572 INFO - Sending the signal Signals.SIGTERM to group 130398
2025-08-18 22:11:50,573 INFO - Sending the signal Signals.SIGTERM to process 130398 as process group is missing.
2025-08-18 22:11:50,573 INFO - Shutting down LocalExecutor; waiting for running tasks to finish.  Signal again if you don't want to wait.
2025-08-18 22:11:51,330 INFO - Sending Signals.SIGTERM to group 130398. PIDs of all processes in the group: []
2025-08-18 22:11:51,331 INFO - Sending the signal Signals.SIGTERM to group 130398
2025-08-18 22:11:51,333 INFO - Sending the signal Signals.SIGTERM to process 130398 as process group is missing.
2025-08-18 22:11:51,344 INFO - Exited execute loop
2025-08-18 22:12:42,582 INFO - Task context logging is enabled
2025-08-18 22:12:42,587 INFO - Loaded executor: LocalExecutor
2025-08-20 23:34:24,303 INFO - Task context logging is enabled
2025-08-20 23:34:24,307 INFO - Loaded executor: LocalExecutor
2025-08-20 23:51:21,045 INFO - Starting the scheduler
2025-08-20 23:51:21,071 INFO - Processing each file at most -1 times
2025-08-20 23:51:22,552 INFO - Launched DagFileProcessorManager with pid: 690398
2025-08-20 23:51:22,564 INFO - Adopting or resetting orphaned tasks for active dag runs
2025-08-20 23:51:22,583 INFO - Configured default timezone UTC
2025-08-20 23:51:22,849 INFO - Marked 2 SchedulerJob instances as failed
2025-08-20 23:51:26,174 INFO - 1 tasks up for execution:
	<TaskInstance: modular_validation_dag.run_modular_validations manual__2025-08-20T23:45:02.933133+00:00 [scheduled]>
2025-08-20 23:51:26,176 INFO - DAG modular_validation_dag has 0/16 running and queued tasks
2025-08-20 23:51:26,177 INFO - Setting the following tasks to queued state:
	<TaskInstance: modular_validation_dag.run_modular_validations manual__2025-08-20T23:45:02.933133+00:00 [scheduled]>
2025-08-20 23:51:26,184 INFO - Sending TaskInstanceKey(dag_id='modular_validation_dag', task_id='run_modular_validations', run_id='manual__2025-08-20T23:45:02.933133+00:00', try_number=1, map_index=-1) to executor with priority 1 and queue default
2025-08-20 23:51:26,186 INFO - Adding to queue: ['airflow', 'tasks', 'run', 'modular_validation_dag', 'run_modular_validations', 'manual__2025-08-20T23:45:02.933133+00:00', '--local', '--subdir', 'DAGS_FOLDER/unified_dag.py']
2025-08-20 23:51:26,218 INFO - QueuedLocalWorker running ['airflow', 'tasks', 'run', 'modular_validation_dag', 'run_modular_validations', 'manual__2025-08-20T23:45:02.933133+00:00', '--local', '--subdir', 'DAGS_FOLDER/unified_dag.py']
2025-08-20 23:51:26,353 INFO - Filling up the DagBag from /home/ashahi/PFE/pip/data_quality/orchestration/dags/unified_dag.py
2025-08-20 23:51:27,439 INFO - Running <TaskInstance: modular_validation_dag.run_modular_validations manual__2025-08-20T23:45:02.933133+00:00 [queued]> on host AshLaptop.
2025-08-20 23:54:25,827 INFO - Received executor event with state success for task instance TaskInstanceKey(dag_id='modular_validation_dag', task_id='run_modular_validations', run_id='manual__2025-08-20T23:45:02.933133+00:00', try_number=1, map_index=-1)
2025-08-20 23:54:25,850 INFO - TaskInstance Finished: dag_id=modular_validation_dag, task_id=run_modular_validations, run_id=manual__2025-08-20T23:45:02.933133+00:00, map_index=-1, run_start_date=2025-08-20 23:51:28.003879+00:00, run_end_date=2025-08-20 23:54:24.811995+00:00, run_duration=176.808116, state=success, executor_state=success, try_number=1, max_tries=0, job_id=162, pool=default_pool, queue=default, priority_weight=1, operator=PythonOperator, queued_dttm=2025-08-20 23:51:26.179732+00:00, queued_by_job_id=161, pid=690485
2025-08-20 23:56:33,138 INFO - Adopting or resetting orphaned tasks for active dag runs
2025-08-21 00:01:42,299 INFO - Adopting or resetting orphaned tasks for active dag runs
2025-08-21 00:06:52,204 INFO - Adopting or resetting orphaned tasks for active dag runs
2025-08-21 00:12:02,805 INFO - Adopting or resetting orphaned tasks for active dag runs
2025-08-21 00:17:09,183 INFO - Adopting or resetting orphaned tasks for active dag runs
2025-08-21 00:22:16,800 INFO - Adopting or resetting orphaned tasks for active dag runs
2025-08-21 00:27:25,449 INFO - Adopting or resetting orphaned tasks for active dag runs
2025-08-21 00:32:33,323 INFO - Adopting or resetting orphaned tasks for active dag runs
2025-08-21 00:37:41,855 INFO - Adopting or resetting orphaned tasks for active dag runs
2025-08-21 00:42:51,020 INFO - Adopting or resetting orphaned tasks for active dag runs
2025-08-21 00:45:12,200 INFO - Marking run <DagRun modular_validation_dag @ 2025-08-21 00:44:17.422241+00:00: manual__2025-08-21T00:44:17.422241+00:00, state:running, queued_at: 2025-08-21 00:44:17.455009+00:00. externally triggered: True> successful
2025-08-21 00:45:12,275 INFO - DagRun Finished: dag_id=modular_validation_dag, execution_date=2025-08-21 00:44:17.422241+00:00, run_id=manual__2025-08-21T00:44:17.422241+00:00, run_start_date=2025-08-21 00:44:18.190594+00:00, run_end_date=2025-08-21 00:45:12.269792+00:00, run_duration=54.079198, state=success, external_trigger=True, run_type=manual, data_interval_start=2025-08-21 00:44:17.422241+00:00, data_interval_end=2025-08-21 00:44:17.422241+00:00, dag_hash=c01b18bbfdab5fc0516ee0c8d0ce9b56
2025-08-21 00:47:59,583 INFO - Adopting or resetting orphaned tasks for active dag runs
2025-08-21 00:53:08,472 INFO - Adopting or resetting orphaned tasks for active dag runs
2025-08-21 00:53:27,169 INFO - Marking run <DagRun modular_validation_dag @ 2025-08-21 00:52:38.861738+00:00: manual__2025-08-21T00:52:38.861738+00:00, state:running, queued_at: 2025-08-21 00:52:38.874444+00:00. externally triggered: True> successful
2025-08-21 00:53:27,173 INFO - DagRun Finished: dag_id=modular_validation_dag, execution_date=2025-08-21 00:52:38.861738+00:00, run_id=manual__2025-08-21T00:52:38.861738+00:00, run_start_date=2025-08-21 00:52:39.311915+00:00, run_end_date=2025-08-21 00:53:27.171459+00:00, run_duration=47.859544, state=success, external_trigger=True, run_type=manual, data_interval_start=2025-08-21 00:52:38.861738+00:00, data_interval_end=2025-08-21 00:52:38.861738+00:00, dag_hash=c01b18bbfdab5fc0516ee0c8d0ce9b56
2025-08-21 00:58:17,830 INFO - Adopting or resetting orphaned tasks for active dag runs
2025-08-21 01:03:28,304 INFO - Adopting or resetting orphaned tasks for active dag runs
2025-08-21 01:08:37,559 INFO - Adopting or resetting orphaned tasks for active dag runs
2025-08-21 01:13:46,727 INFO - Adopting or resetting orphaned tasks for active dag runs
2025-08-21 01:14:12,727 INFO - 1 tasks up for execution:
	<TaskInstance: modular_validation_dag.run_modular_validations manual__2025-08-21T01:14:11.517160+00:00 [scheduled]>
2025-08-21 01:14:12,728 INFO - DAG modular_validation_dag has 0/16 running and queued tasks
2025-08-21 01:14:12,729 INFO - Setting the following tasks to queued state:
	<TaskInstance: modular_validation_dag.run_modular_validations manual__2025-08-21T01:14:11.517160+00:00 [scheduled]>
2025-08-21 01:14:12,763 INFO - Sending TaskInstanceKey(dag_id='modular_validation_dag', task_id='run_modular_validations', run_id='manual__2025-08-21T01:14:11.517160+00:00', try_number=1, map_index=-1) to executor with priority 1 and queue default
2025-08-21 01:14:12,766 INFO - Adding to queue: ['airflow', 'tasks', 'run', 'modular_validation_dag', 'run_modular_validations', 'manual__2025-08-21T01:14:11.517160+00:00', '--local', '--subdir', 'DAGS_FOLDER/unified_dag.py']
2025-08-21 01:14:13,012 INFO - QueuedLocalWorker running ['airflow', 'tasks', 'run', 'modular_validation_dag', 'run_modular_validations', 'manual__2025-08-21T01:14:11.517160+00:00', '--local', '--subdir', 'DAGS_FOLDER/unified_dag.py']
2025-08-21 01:14:14,751 INFO - Filling up the DagBag from /home/ashahi/PFE/pip/data_quality/orchestration/dags/unified_dag.py
2025-08-21 01:14:18,598 INFO - Running <TaskInstance: modular_validation_dag.run_modular_validations manual__2025-08-21T01:14:11.517160+00:00 [queued]> on host AshLaptop.
2025-08-21 01:15:17,336 INFO - Marking run <DagRun modular_validation_dag @ 2025-08-21 01:14:11.517160+00:00: manual__2025-08-21T01:14:11.517160+00:00, state:running, queued_at: 2025-08-21 01:14:11.546149+00:00. externally triggered: True> successful
2025-08-21 01:15:17,356 INFO - DagRun Finished: dag_id=modular_validation_dag, execution_date=2025-08-21 01:14:11.517160+00:00, run_id=manual__2025-08-21T01:14:11.517160+00:00, run_start_date=2025-08-21 01:14:12.551271+00:00, run_end_date=2025-08-21 01:15:17.355672+00:00, run_duration=64.804401, state=success, external_trigger=True, run_type=manual, data_interval_start=2025-08-21 01:14:11.517160+00:00, data_interval_end=2025-08-21 01:14:11.517160+00:00, dag_hash=c01b18bbfdab5fc0516ee0c8d0ce9b56
2025-08-21 01:15:18,362 INFO - Received executor event with state success for task instance TaskInstanceKey(dag_id='modular_validation_dag', task_id='run_modular_validations', run_id='manual__2025-08-21T01:14:11.517160+00:00', try_number=1, map_index=-1)
2025-08-21 01:15:18,375 INFO - TaskInstance Finished: dag_id=modular_validation_dag, task_id=run_modular_validations, run_id=manual__2025-08-21T01:14:11.517160+00:00, map_index=-1, run_start_date=2025-08-21 01:14:18.816770+00:00, run_end_date=2025-08-21 01:15:16.867614+00:00, run_duration=58.050844, state=success, executor_state=success, try_number=1, max_tries=0, job_id=170, pool=default_pool, queue=default, priority_weight=1, operator=PythonOperator, queued_dttm=2025-08-21 01:14:12.734168+00:00, queued_by_job_id=161, pid=721003
2025-08-21 01:18:57,265 INFO - Adopting or resetting orphaned tasks for active dag runs
2025-08-21 01:19:10,202 INFO - Marking run <DagRun modular_validation_dag @ 2025-08-21 01:18:21.641640+00:00: manual__2025-08-21T01:18:21.641640+00:00, state:running, queued_at: 2025-08-21 01:18:21.684631+00:00. externally triggered: True> successful
2025-08-21 01:19:10,210 INFO - DagRun Finished: dag_id=modular_validation_dag, execution_date=2025-08-21 01:18:21.641640+00:00, run_id=manual__2025-08-21T01:18:21.641640+00:00, run_start_date=2025-08-21 01:18:21.838270+00:00, run_end_date=2025-08-21 01:19:10.209612+00:00, run_duration=48.371342, state=success, external_trigger=True, run_type=manual, data_interval_start=2025-08-21 01:18:21.641640+00:00, data_interval_end=2025-08-21 01:18:21.641640+00:00, dag_hash=c01b18bbfdab5fc0516ee0c8d0ce9b56
2025-08-21 01:24:06,993 INFO - Adopting or resetting orphaned tasks for active dag runs
2025-08-21 01:29:16,772 INFO - Adopting or resetting orphaned tasks for active dag runs
2025-08-21 01:34:26,903 INFO - Adopting or resetting orphaned tasks for active dag runs
2025-08-21 01:39:33,884 INFO - Adopting or resetting orphaned tasks for active dag runs
2025-08-21 01:44:41,202 INFO - Adopting or resetting orphaned tasks for active dag runs
2025-08-21 01:49:46,625 INFO - Adopting or resetting orphaned tasks for active dag runs
2025-08-21 01:54:50,600 INFO - Marking run <DagRun modular_validation_dag @ 2025-08-21 01:54:13.574695+00:00: manual__2025-08-21T01:54:13.574695+00:00, state:running, queued_at: 2025-08-21 01:54:13.713157+00:00. externally triggered: True> successful
2025-08-21 01:54:50,629 INFO - DagRun Finished: dag_id=modular_validation_dag, execution_date=2025-08-21 01:54:13.574695+00:00, run_id=manual__2025-08-21T01:54:13.574695+00:00, run_start_date=2025-08-21 01:54:14.210698+00:00, run_end_date=2025-08-21 01:54:50.622126+00:00, run_duration=36.411428, state=success, external_trigger=True, run_type=manual, data_interval_start=2025-08-21 01:54:13.574695+00:00, data_interval_end=2025-08-21 01:54:13.574695+00:00, dag_hash=c01b18bbfdab5fc0516ee0c8d0ce9b56
2025-08-21 01:54:52,947 INFO - Adopting or resetting orphaned tasks for active dag runs
2025-08-21 02:00:01,427 INFO - Adopting or resetting orphaned tasks for active dag runs
2025-08-21 02:05:09,694 INFO - Adopting or resetting orphaned tasks for active dag runs
2025-08-21 02:10:18,504 INFO - Adopting or resetting orphaned tasks for active dag runs
2025-08-21 02:15:27,109 INFO - Adopting or resetting orphaned tasks for active dag runs
2025-08-21 02:15:27,115 INFO - Marked 1 SchedulerJob instances as failed
2025-08-21 02:20:36,277 INFO - Adopting or resetting orphaned tasks for active dag runs
2025-08-21 02:25:44,996 INFO - Adopting or resetting orphaned tasks for active dag runs
2025-08-21 02:25:45,004 INFO - Marked 1 SchedulerJob instances as failed
2025-08-21 02:30:53,776 INFO - Adopting or resetting orphaned tasks for active dag runs
2025-08-21 02:36:03,872 INFO - Adopting or resetting orphaned tasks for active dag runs
2025-08-21 03:03:15,544 INFO - Adopting or resetting orphaned tasks for active dag runs
2025-08-21 03:08:39,030 INFO - Adopting or resetting orphaned tasks for active dag runs
2025-08-21 03:13:58,856 INFO - Adopting or resetting orphaned tasks for active dag runs
2025-08-21 03:19:18,944 INFO - Adopting or resetting orphaned tasks for active dag runs
2025-08-21 03:24:39,764 INFO - Adopting or resetting orphaned tasks for active dag runs
2025-08-21 03:30:03,666 INFO - Adopting or resetting orphaned tasks for active dag runs
2025-08-21 03:35:25,662 INFO - Adopting or resetting orphaned tasks for active dag runs
2025-08-21 03:40:44,673 INFO - Adopting or resetting orphaned tasks for active dag runs
2025-08-21 03:46:04,396 INFO - Adopting or resetting orphaned tasks for active dag runs
2025-08-21 07:14:15,072 INFO - Adopting or resetting orphaned tasks for active dag runs
2025-08-21 07:19:31,313 INFO - Adopting or resetting orphaned tasks for active dag runs
2025-08-21 07:24:44,263 INFO - Adopting or resetting orphaned tasks for active dag runs
2025-08-21 07:29:54,498 INFO - Adopting or resetting orphaned tasks for active dag runs
2025-08-21 07:35:03,844 INFO - Adopting or resetting orphaned tasks for active dag runs
2025-08-21 07:40:15,759 INFO - Adopting or resetting orphaned tasks for active dag runs
2025-08-21 07:45:26,412 INFO - Adopting or resetting orphaned tasks for active dag runs
2025-08-21 07:50:39,761 INFO - Adopting or resetting orphaned tasks for active dag runs
2025-08-21 07:55:53,680 INFO - Adopting or resetting orphaned tasks for active dag runs
2025-08-21 08:01:09,927 INFO - Adopting or resetting orphaned tasks for active dag runs
2025-08-21 08:06:23,694 INFO - Adopting or resetting orphaned tasks for active dag runs
2025-08-21 08:11:35,822 INFO - Adopting or resetting orphaned tasks for active dag runs
2025-08-21 08:16:48,018 INFO - Adopting or resetting orphaned tasks for active dag runs
2025-08-21 08:22:01,307 INFO - Adopting or resetting orphaned tasks for active dag runs
2025-08-21 08:27:16,575 INFO - Adopting or resetting orphaned tasks for active dag runs
2025-08-21 08:32:28,829 INFO - Adopting or resetting orphaned tasks for active dag runs
2025-08-21 08:37:40,461 INFO - Adopting or resetting orphaned tasks for active dag runs
2025-08-21 08:42:52,487 INFO - Adopting or resetting orphaned tasks for active dag runs
2025-08-21 08:48:02,611 INFO - Adopting or resetting orphaned tasks for active dag runs
2025-08-21 12:51:24,236 INFO - Adopting or resetting orphaned tasks for active dag runs
2025-08-21 12:56:53,099 INFO - Adopting or resetting orphaned tasks for active dag runs
2025-08-21 13:02:17,436 INFO - Adopting or resetting orphaned tasks for active dag runs
2025-08-21 13:07:43,407 INFO - Adopting or resetting orphaned tasks for active dag runs
2025-08-21 13:18:58,734 INFO - Adopting or resetting orphaned tasks for active dag runs
2025-08-21 13:24:20,652 INFO - Adopting or resetting orphaned tasks for active dag runs
2025-08-21 13:25:06,144 INFO - Marking run <DagRun modular_validation_dag @ 2025-08-21 13:21:45.029146+00:00: manual__2025-08-21T13:21:45.029146+00:00, state:running, queued_at: 2025-08-21 13:21:45.444237+00:00. externally triggered: True> successful
2025-08-21 13:25:06,207 INFO - DagRun Finished: dag_id=modular_validation_dag, execution_date=2025-08-21 13:21:45.029146+00:00, run_id=manual__2025-08-21T13:21:45.029146+00:00, run_start_date=2025-08-21 13:21:46.595723+00:00, run_end_date=2025-08-21 13:25:06.175180+00:00, run_duration=199.579457, state=success, external_trigger=True, run_type=manual, data_interval_start=2025-08-21 13:21:45.029146+00:00, data_interval_end=2025-08-21 13:21:45.029146+00:00, dag_hash=c01b18bbfdab5fc0516ee0c8d0ce9b56
2025-08-21 13:29:42,611 INFO - Adopting or resetting orphaned tasks for active dag runs
2025-08-21 13:35:00,630 INFO - Adopting or resetting orphaned tasks for active dag runs
2025-08-21 13:40:21,249 INFO - Adopting or resetting orphaned tasks for active dag runs
2025-08-21 13:40:44,995 INFO - 1 tasks up for execution:
	<TaskInstance: modular_validation_dag.run_modular_validations manual__2025-08-21T13:40:43.993588+00:00 [scheduled]>
2025-08-21 13:40:44,998 INFO - DAG modular_validation_dag has 0/16 running and queued tasks
2025-08-21 13:40:44,999 INFO - Setting the following tasks to queued state:
	<TaskInstance: modular_validation_dag.run_modular_validations manual__2025-08-21T13:40:43.993588+00:00 [scheduled]>
2025-08-21 13:40:45,040 INFO - Sending TaskInstanceKey(dag_id='modular_validation_dag', task_id='run_modular_validations', run_id='manual__2025-08-21T13:40:43.993588+00:00', try_number=1, map_index=-1) to executor with priority 1 and queue default
2025-08-21 13:40:45,043 INFO - Adding to queue: ['airflow', 'tasks', 'run', 'modular_validation_dag', 'run_modular_validations', 'manual__2025-08-21T13:40:43.993588+00:00', '--local', '--subdir', 'DAGS_FOLDER/unified_dag.py']
2025-08-21 13:40:45,295 INFO - QueuedLocalWorker running ['airflow', 'tasks', 'run', 'modular_validation_dag', 'run_modular_validations', 'manual__2025-08-21T13:40:43.993588+00:00', '--local', '--subdir', 'DAGS_FOLDER/unified_dag.py']
2025-08-21 13:40:47,073 INFO - Filling up the DagBag from /home/ashahi/PFE/pip/data_quality/orchestration/dags/unified_dag.py
2025-08-21 13:40:53,709 INFO - Running <TaskInstance: modular_validation_dag.run_modular_validations manual__2025-08-21T13:40:43.993588+00:00 [queued]> on host AshLaptop.
2025-08-21 13:42:47,563 INFO - Received executor event with state success for task instance TaskInstanceKey(dag_id='modular_validation_dag', task_id='run_modular_validations', run_id='manual__2025-08-21T13:40:43.993588+00:00', try_number=1, map_index=-1)
2025-08-21 13:42:47,576 INFO - TaskInstance Finished: dag_id=modular_validation_dag, task_id=run_modular_validations, run_id=manual__2025-08-21T13:40:43.993588+00:00, map_index=-1, run_start_date=2025-08-21 13:40:54.286785+00:00, run_end_date=2025-08-21 13:42:46.563910+00:00, run_duration=112.277125, state=success, executor_state=success, try_number=1, max_tries=0, job_id=178, pool=default_pool, queue=default, priority_weight=1, operator=PythonOperator, queued_dttm=2025-08-21 13:40:45.002793+00:00, queued_by_job_id=161, pid=800275
2025-08-21 13:45:42,260 INFO - Adopting or resetting orphaned tasks for active dag runs
2025-08-21 13:51:06,967 INFO - Adopting or resetting orphaned tasks for active dag runs
2025-08-21 13:56:30,578 INFO - Adopting or resetting orphaned tasks for active dag runs
2025-08-21 14:01:19,731 INFO - Marking run <DagRun modular_validation_dag @ 2025-08-21 13:59:49.496086+00:00: manual__2025-08-21T13:59:49.496086+00:00, state:running, queued_at: 2025-08-21 13:59:49.650651+00:00. externally triggered: True> successful
2025-08-21 14:01:19,756 INFO - DagRun Finished: dag_id=modular_validation_dag, execution_date=2025-08-21 13:59:49.496086+00:00, run_id=manual__2025-08-21T13:59:49.496086+00:00, run_start_date=2025-08-21 13:59:50.290947+00:00, run_end_date=2025-08-21 14:01:19.755776+00:00, run_duration=89.464829, state=success, external_trigger=True, run_type=manual, data_interval_start=2025-08-21 13:59:49.496086+00:00, data_interval_end=2025-08-21 13:59:49.496086+00:00, dag_hash=c01b18bbfdab5fc0516ee0c8d0ce9b56
2025-08-21 14:01:53,506 INFO - Adopting or resetting orphaned tasks for active dag runs
2025-08-21 14:07:18,778 INFO - Adopting or resetting orphaned tasks for active dag runs
2025-08-21 14:12:42,589 INFO - Adopting or resetting orphaned tasks for active dag runs
2025-08-26 22:05:06,889 INFO - Task context logging is enabled
2025-08-26 22:05:06,892 INFO - Loaded executor: LocalExecutor
2025-08-26 22:05:12,061 INFO - Starting the scheduler
2025-08-26 22:05:12,062 INFO - Processing each file at most -1 times
2025-08-26 22:05:12,374 INFO - Launched DagFileProcessorManager with pid: 60985
2025-08-26 22:05:12,388 INFO - Adopting or resetting orphaned tasks for active dag runs
2025-08-26 22:05:12,553 INFO - Marked 1 SchedulerJob instances as failed
2025-08-26 22:05:12,559 INFO - Configured default timezone UTC
2025-08-26 22:10:33,022 INFO - Adopting or resetting orphaned tasks for active dag runs
2025-08-26 22:15:53,766 INFO - Adopting or resetting orphaned tasks for active dag runs
2025-08-26 22:21:14,699 INFO - Adopting or resetting orphaned tasks for active dag runs
2025-08-26 22:26:35,440 INFO - Adopting or resetting orphaned tasks for active dag runs
2025-08-26 22:31:56,190 INFO - Adopting or resetting orphaned tasks for active dag runs
2025-08-26 22:37:17,051 INFO - Adopting or resetting orphaned tasks for active dag runs
2025-08-26 22:42:37,866 INFO - Adopting or resetting orphaned tasks for active dag runs
2025-08-26 22:47:58,686 INFO - Adopting or resetting orphaned tasks for active dag runs
2025-08-26 22:49:37,007 INFO - 1 tasks up for execution:
	<TaskInstance: test_postgres_connection.create_table manual__2025-08-26T22:49:35.031625+00:00 [scheduled]>
2025-08-26 22:49:37,008 INFO - DAG test_postgres_connection has 0/16 running and queued tasks
2025-08-26 22:49:37,008 INFO - Setting the following tasks to queued state:
	<TaskInstance: test_postgres_connection.create_table manual__2025-08-26T22:49:35.031625+00:00 [scheduled]>
2025-08-26 22:49:37,042 INFO - Sending TaskInstanceKey(dag_id='test_postgres_connection', task_id='create_table', run_id='manual__2025-08-26T22:49:35.031625+00:00', try_number=1, map_index=-1) to executor with priority 2 and queue default
2025-08-26 22:49:37,044 INFO - Adding to queue: ['airflow', 'tasks', 'run', 'test_postgres_connection', 'create_table', 'manual__2025-08-26T22:49:35.031625+00:00', '--local', '--subdir', 'DAGS_FOLDER/test_postgres_dag.py']
2025-08-26 22:49:37,200 INFO - QueuedLocalWorker running ['airflow', 'tasks', 'run', 'test_postgres_connection', 'create_table', 'manual__2025-08-26T22:49:35.031625+00:00', '--local', '--subdir', 'DAGS_FOLDER/test_postgres_dag.py']
2025-08-26 22:49:37,946 INFO - Filling up the DagBag from /home/ashahi/PFE/pip/data_quality/orchestration/dags/test_postgres_dag.py
2025-08-26 22:49:39,470 INFO - Running <TaskInstance: test_postgres_connection.create_table manual__2025-08-26T22:49:35.031625+00:00 [queued]> on host AshLaptop.
2025-08-26 22:49:41,425 INFO - 1 tasks up for execution:
	<TaskInstance: test_postgres_connection.insert_row manual__2025-08-26T22:49:35.031625+00:00 [scheduled]>
2025-08-26 22:49:41,426 INFO - DAG test_postgres_connection has 0/16 running and queued tasks
2025-08-26 22:49:41,427 INFO - Setting the following tasks to queued state:
	<TaskInstance: test_postgres_connection.insert_row manual__2025-08-26T22:49:35.031625+00:00 [scheduled]>
2025-08-26 22:49:41,433 INFO - Sending TaskInstanceKey(dag_id='test_postgres_connection', task_id='insert_row', run_id='manual__2025-08-26T22:49:35.031625+00:00', try_number=1, map_index=-1) to executor with priority 1 and queue default
2025-08-26 22:49:41,434 INFO - Adding to queue: ['airflow', 'tasks', 'run', 'test_postgres_connection', 'insert_row', 'manual__2025-08-26T22:49:35.031625+00:00', '--local', '--subdir', 'DAGS_FOLDER/test_postgres_dag.py']
2025-08-26 22:49:41,443 INFO - Received executor event with state success for task instance TaskInstanceKey(dag_id='test_postgres_connection', task_id='create_table', run_id='manual__2025-08-26T22:49:35.031625+00:00', try_number=1, map_index=-1)
2025-08-26 22:49:41,458 INFO - TaskInstance Finished: dag_id=test_postgres_connection, task_id=create_table, run_id=manual__2025-08-26T22:49:35.031625+00:00, map_index=-1, run_start_date=2025-08-26 22:49:39.958601+00:00, run_end_date=2025-08-26 22:49:40.883374+00:00, run_duration=0.924773, state=success, executor_state=success, try_number=1, max_tries=0, job_id=354, pool=default_pool, queue=default, priority_weight=2, operator=PostgresOperator, queued_dttm=2025-08-26 22:49:37.010398+00:00, queued_by_job_id=353, pid=69445
2025-08-26 22:49:41,478 INFO - QueuedLocalWorker running ['airflow', 'tasks', 'run', 'test_postgres_connection', 'insert_row', 'manual__2025-08-26T22:49:35.031625+00:00', '--local', '--subdir', 'DAGS_FOLDER/test_postgres_dag.py']
2025-08-26 22:49:41,614 INFO - Filling up the DagBag from /home/ashahi/PFE/pip/data_quality/orchestration/dags/test_postgres_dag.py
2025-08-26 22:49:42,028 INFO - Running <TaskInstance: test_postgres_connection.insert_row manual__2025-08-26T22:49:35.031625+00:00 [queued]> on host AshLaptop.
2025-08-26 22:49:43,713 INFO - Marking run <DagRun test_postgres_connection @ 2025-08-26 22:49:35.031625+00:00: manual__2025-08-26T22:49:35.031625+00:00, state:running, queued_at: 2025-08-26 22:49:35.144051+00:00. externally triggered: True> successful
2025-08-26 22:49:43,714 INFO - DagRun Finished: dag_id=test_postgres_connection, execution_date=2025-08-26 22:49:35.031625+00:00, run_id=manual__2025-08-26T22:49:35.031625+00:00, run_start_date=2025-08-26 22:49:36.663523+00:00, run_end_date=2025-08-26 22:49:43.714441+00:00, run_duration=7.050918, state=success, external_trigger=True, run_type=manual, data_interval_start=2025-08-26 22:49:35.031625+00:00, data_interval_end=2025-08-26 22:49:35.031625+00:00, dag_hash=064d53c7ee4b48e75c44bc9844099621
2025-08-26 22:49:43,757 INFO - Received executor event with state success for task instance TaskInstanceKey(dag_id='test_postgres_connection', task_id='insert_row', run_id='manual__2025-08-26T22:49:35.031625+00:00', try_number=1, map_index=-1)
2025-08-26 22:49:43,766 INFO - TaskInstance Finished: dag_id=test_postgres_connection, task_id=insert_row, run_id=manual__2025-08-26T22:49:35.031625+00:00, map_index=-1, run_start_date=2025-08-26 22:49:42.214650+00:00, run_end_date=2025-08-26 22:49:42.777334+00:00, run_duration=0.562684, state=success, executor_state=success, try_number=1, max_tries=0, job_id=355, pool=default_pool, queue=default, priority_weight=1, operator=PostgresOperator, queued_dttm=2025-08-26 22:49:41.430630+00:00, queued_by_job_id=353, pid=69469
2025-08-26 22:50:11,201 INFO - 1 tasks up for execution:
	<TaskInstance: modular_validation_dag.run_modular_validations manual__2025-08-26T22:50:10.617331+00:00 [scheduled]>
2025-08-26 22:50:11,202 INFO - DAG modular_validation_dag has 0/16 running and queued tasks
2025-08-26 22:50:11,203 INFO - Setting the following tasks to queued state:
	<TaskInstance: modular_validation_dag.run_modular_validations manual__2025-08-26T22:50:10.617331+00:00 [scheduled]>
2025-08-26 22:50:11,207 INFO - Sending TaskInstanceKey(dag_id='modular_validation_dag', task_id='run_modular_validations', run_id='manual__2025-08-26T22:50:10.617331+00:00', try_number=1, map_index=-1) to executor with priority 1 and queue default
2025-08-26 22:50:11,208 INFO - Adding to queue: ['airflow', 'tasks', 'run', 'modular_validation_dag', 'run_modular_validations', 'manual__2025-08-26T22:50:10.617331+00:00', '--local', '--subdir', 'DAGS_FOLDER/unified_dag.py']
2025-08-26 22:50:11,260 INFO - QueuedLocalWorker running ['airflow', 'tasks', 'run', 'modular_validation_dag', 'run_modular_validations', 'manual__2025-08-26T22:50:10.617331+00:00', '--local', '--subdir', 'DAGS_FOLDER/unified_dag.py']
2025-08-26 22:50:11,524 INFO - Filling up the DagBag from /home/ashahi/PFE/pip/data_quality/orchestration/dags/unified_dag.py
2025-08-26 22:50:12,174 INFO - Running <TaskInstance: modular_validation_dag.run_modular_validations manual__2025-08-26T22:50:10.617331+00:00 [queued]> on host AshLaptop.
2025-08-26 22:50:13,098 ERROR - Marking run <DagRun modular_validation_dag @ 2025-08-26 22:50:10.617331+00:00: manual__2025-08-26T22:50:10.617331+00:00, state:running, queued_at: 2025-08-26 22:50:10.647591+00:00. externally triggered: True> failed
2025-08-26 22:50:13,100 INFO - DagRun Finished: dag_id=modular_validation_dag, execution_date=2025-08-26 22:50:10.617331+00:00, run_id=manual__2025-08-26T22:50:10.617331+00:00, run_start_date=2025-08-26 22:50:11.150801+00:00, run_end_date=2025-08-26 22:50:13.099594+00:00, run_duration=1.948793, state=failed, external_trigger=True, run_type=manual, data_interval_start=2025-08-26 22:50:10.617331+00:00, data_interval_end=2025-08-26 22:50:10.617331+00:00, dag_hash=c01b18bbfdab5fc0516ee0c8d0ce9b56
2025-08-26 22:50:13,123 INFO - Received executor event with state success for task instance TaskInstanceKey(dag_id='modular_validation_dag', task_id='run_modular_validations', run_id='manual__2025-08-26T22:50:10.617331+00:00', try_number=1, map_index=-1)
2025-08-26 22:50:13,132 INFO - TaskInstance Finished: dag_id=modular_validation_dag, task_id=run_modular_validations, run_id=manual__2025-08-26T22:50:10.617331+00:00, map_index=-1, run_start_date=2025-08-26 22:50:12.333368+00:00, run_end_date=2025-08-26 22:50:12.766362+00:00, run_duration=0.432994, state=failed, executor_state=success, try_number=1, max_tries=0, job_id=356, pool=default_pool, queue=default, priority_weight=1, operator=PythonOperator, queued_dttm=2025-08-26 22:50:11.204970+00:00, queued_by_job_id=353, pid=69589
2025-08-26 22:53:19,669 INFO - Adopting or resetting orphaned tasks for active dag runs
2025-08-26 22:58:40,684 INFO - Adopting or resetting orphaned tasks for active dag runs
2025-08-26 23:04:01,547 INFO - Adopting or resetting orphaned tasks for active dag runs
2025-08-26 23:07:13,185 INFO - 1 tasks up for execution:
	<TaskInstance: modular_validation_dag.run_modular_validations manual__2025-08-26T23:07:10.715432+00:00 [scheduled]>
2025-08-26 23:07:13,186 INFO - DAG modular_validation_dag has 0/16 running and queued tasks
2025-08-26 23:07:13,186 INFO - Setting the following tasks to queued state:
	<TaskInstance: modular_validation_dag.run_modular_validations manual__2025-08-26T23:07:10.715432+00:00 [scheduled]>
2025-08-26 23:07:13,229 INFO - Sending TaskInstanceKey(dag_id='modular_validation_dag', task_id='run_modular_validations', run_id='manual__2025-08-26T23:07:10.715432+00:00', try_number=1, map_index=-1) to executor with priority 1 and queue default
2025-08-26 23:07:13,233 INFO - Adding to queue: ['airflow', 'tasks', 'run', 'modular_validation_dag', 'run_modular_validations', 'manual__2025-08-26T23:07:10.715432+00:00', '--local', '--subdir', 'DAGS_FOLDER/unified_dag.py']
2025-08-26 23:07:13,464 INFO - QueuedLocalWorker running ['airflow', 'tasks', 'run', 'modular_validation_dag', 'run_modular_validations', 'manual__2025-08-26T23:07:10.715432+00:00', '--local', '--subdir', 'DAGS_FOLDER/unified_dag.py']
2025-08-26 23:07:13,896 INFO - 1 tasks up for execution:
	<TaskInstance: modular_validation_dag.run_modular_validations manual__2025-08-26T23:07:13.460377+00:00 [scheduled]>
2025-08-26 23:07:13,896 INFO - DAG modular_validation_dag has 1/16 running and queued tasks
2025-08-26 23:07:13,897 INFO - Setting the following tasks to queued state:
	<TaskInstance: modular_validation_dag.run_modular_validations manual__2025-08-26T23:07:13.460377+00:00 [scheduled]>
2025-08-26 23:07:13,900 INFO - Sending TaskInstanceKey(dag_id='modular_validation_dag', task_id='run_modular_validations', run_id='manual__2025-08-26T23:07:13.460377+00:00', try_number=1, map_index=-1) to executor with priority 1 and queue default
2025-08-26 23:07:13,902 INFO - Adding to queue: ['airflow', 'tasks', 'run', 'modular_validation_dag', 'run_modular_validations', 'manual__2025-08-26T23:07:13.460377+00:00', '--local', '--subdir', 'DAGS_FOLDER/unified_dag.py']
2025-08-26 23:07:13,999 INFO - QueuedLocalWorker running ['airflow', 'tasks', 'run', 'modular_validation_dag', 'run_modular_validations', 'manual__2025-08-26T23:07:13.460377+00:00', '--local', '--subdir', 'DAGS_FOLDER/unified_dag.py']
2025-08-26 23:07:14,676 INFO - Filling up the DagBag from /home/ashahi/PFE/pip/data_quality/orchestration/dags/unified_dag.py
2025-08-26 23:07:14,676 INFO - Filling up the DagBag from /home/ashahi/PFE/pip/data_quality/orchestration/dags/unified_dag.py
2025-08-26 23:07:16,301 INFO - Running <TaskInstance: modular_validation_dag.run_modular_validations manual__2025-08-26T23:07:10.715432+00:00 [queued]> on host AshLaptop.
2025-08-26 23:07:16,347 INFO - Running <TaskInstance: modular_validation_dag.run_modular_validations manual__2025-08-26T23:07:13.460377+00:00 [queued]> on host AshLaptop.
2025-08-26 23:09:23,606 INFO - Adopting or resetting orphaned tasks for active dag runs
2025-08-26 23:14:22,835 WARNING - Serialized DAG modular_validation_dag no longer exists
2025-08-26 23:14:23,087 WARNING - The DAG disappeared before verifying integrity: modular_validation_dag. Skipping.
2025-08-26 23:14:23,336 ERROR - DAG 'modular_validation_dag' not found in serialized_dag table
2025-08-26 23:14:23,341 ERROR - DAG 'modular_validation_dag' not found in serialized_dag table
2025-08-26 23:20:37,962 INFO - Adopting or resetting orphaned tasks for active dag runs
2025-08-26 23:22:24,047 ERROR - Marking run <DagRun modular_validation_dag @ 2025-08-26 23:07:13.460377+00:00: manual__2025-08-26T23:07:13.460377+00:00, state:running, queued_at: 2025-08-26 23:07:13.519960+00:00. externally triggered: True> failed
2025-08-26 23:22:24,077 INFO - DagRun Finished: dag_id=modular_validation_dag, execution_date=2025-08-26 23:07:13.460377+00:00, run_id=manual__2025-08-26T23:07:13.460377+00:00, run_start_date=2025-08-26 23:07:13.839054+00:00, run_end_date=2025-08-26 23:22:24.071835+00:00, run_duration=910.232781, state=failed, external_trigger=True, run_type=manual, data_interval_start=2025-08-26 23:07:13.460377+00:00, data_interval_end=2025-08-26 23:07:13.460377+00:00, dag_hash=c01b18bbfdab5fc0516ee0c8d0ce9b56
2025-08-26 23:22:25,307 INFO - Received executor event with state success for task instance TaskInstanceKey(dag_id='modular_validation_dag', task_id='run_modular_validations', run_id='manual__2025-08-26T23:07:13.460377+00:00', try_number=1, map_index=-1)
2025-08-26 23:22:25,340 INFO - TaskInstance Finished: dag_id=modular_validation_dag, task_id=run_modular_validations, run_id=manual__2025-08-26T23:07:13.460377+00:00, map_index=-1, run_start_date=2025-08-26 23:07:16.936249+00:00, run_end_date=2025-08-26 23:22:23.073789+00:00, run_duration=906.13754, state=failed, executor_state=success, try_number=1, max_tries=0, job_id=358, pool=default_pool, queue=default, priority_weight=1, operator=PythonOperator, queued_dttm=2025-08-26 23:07:13.898231+00:00, queued_by_job_id=353, pid=73340
2025-08-26 23:22:43,777 INFO - Marking run <DagRun modular_validation_dag @ 2025-08-26 23:07:10.715432+00:00: manual__2025-08-26T23:07:10.715432+00:00, state:running, queued_at: 2025-08-26 23:07:10.851793+00:00. externally triggered: True> successful
2025-08-26 23:22:43,778 INFO - DagRun Finished: dag_id=modular_validation_dag, execution_date=2025-08-26 23:07:10.715432+00:00, run_id=manual__2025-08-26T23:07:10.715432+00:00, run_start_date=2025-08-26 23:07:13.031078+00:00, run_end_date=2025-08-26 23:22:43.778509+00:00, run_duration=930.747431, state=success, external_trigger=True, run_type=manual, data_interval_start=2025-08-26 23:07:10.715432+00:00, data_interval_end=2025-08-26 23:07:10.715432+00:00, dag_hash=c01b18bbfdab5fc0516ee0c8d0ce9b56
2025-08-26 23:22:44,868 INFO - Received executor event with state success for task instance TaskInstanceKey(dag_id='modular_validation_dag', task_id='run_modular_validations', run_id='manual__2025-08-26T23:07:10.715432+00:00', try_number=1, map_index=-1)
2025-08-26 23:22:44,884 INFO - TaskInstance Finished: dag_id=modular_validation_dag, task_id=run_modular_validations, run_id=manual__2025-08-26T23:07:10.715432+00:00, map_index=-1, run_start_date=2025-08-26 23:07:16.864411+00:00, run_end_date=2025-08-26 23:22:43.319872+00:00, run_duration=926.455461, state=success, executor_state=success, try_number=1, max_tries=0, job_id=357, pool=default_pool, queue=default, priority_weight=1, operator=PythonOperator, queued_dttm=2025-08-26 23:07:13.188908+00:00, queued_by_job_id=353, pid=73339
2025-08-26 23:25:59,091 INFO - Adopting or resetting orphaned tasks for active dag runs
2025-08-26 23:31:19,817 INFO - Adopting or resetting orphaned tasks for active dag runs
2025-08-26 23:35:41,765 INFO - 1 tasks up for execution:
	<TaskInstance: modular_validation_dag.run_modular_validations manual__2025-08-26T23:35:40.678757+00:00 [scheduled]>
2025-08-26 23:35:41,780 INFO - DAG modular_validation_dag has 0/16 running and queued tasks
2025-08-26 23:35:41,780 INFO - Setting the following tasks to queued state:
	<TaskInstance: modular_validation_dag.run_modular_validations manual__2025-08-26T23:35:40.678757+00:00 [scheduled]>
2025-08-26 23:35:41,807 INFO - Sending TaskInstanceKey(dag_id='modular_validation_dag', task_id='run_modular_validations', run_id='manual__2025-08-26T23:35:40.678757+00:00', try_number=1, map_index=-1) to executor with priority 1 and queue default
2025-08-26 23:35:41,809 INFO - Adding to queue: ['airflow', 'tasks', 'run', 'modular_validation_dag', 'run_modular_validations', 'manual__2025-08-26T23:35:40.678757+00:00', '--local', '--subdir', 'DAGS_FOLDER/unified_dag.py']
2025-08-26 23:35:42,021 INFO - QueuedLocalWorker running ['airflow', 'tasks', 'run', 'modular_validation_dag', 'run_modular_validations', 'manual__2025-08-26T23:35:40.678757+00:00', '--local', '--subdir', 'DAGS_FOLDER/unified_dag.py']
2025-08-26 23:35:43,742 INFO - Filling up the DagBag from /home/ashahi/PFE/pip/data_quality/orchestration/dags/unified_dag.py
2025-08-26 23:35:48,433 INFO - Running <TaskInstance: modular_validation_dag.run_modular_validations manual__2025-08-26T23:35:40.678757+00:00 [queued]> on host AshLaptop.
2025-08-26 23:36:40,730 INFO - Adopting or resetting orphaned tasks for active dag runs
2025-08-26 23:37:44,273 INFO - Marking run <DagRun modular_validation_dag @ 2025-08-26 23:35:40.678757+00:00: manual__2025-08-26T23:35:40.678757+00:00, state:running, queued_at: 2025-08-26 23:35:40.850286+00:00. externally triggered: True> successful
2025-08-26 23:37:44,299 INFO - DagRun Finished: dag_id=modular_validation_dag, execution_date=2025-08-26 23:35:40.678757+00:00, run_id=manual__2025-08-26T23:35:40.678757+00:00, run_start_date=2025-08-26 23:35:41.626199+00:00, run_end_date=2025-08-26 23:37:44.296706+00:00, run_duration=122.670507, state=success, external_trigger=True, run_type=manual, data_interval_start=2025-08-26 23:35:40.678757+00:00, data_interval_end=2025-08-26 23:35:40.678757+00:00, dag_hash=c01b18bbfdab5fc0516ee0c8d0ce9b56
2025-08-26 23:37:45,385 INFO - Received executor event with state success for task instance TaskInstanceKey(dag_id='modular_validation_dag', task_id='run_modular_validations', run_id='manual__2025-08-26T23:35:40.678757+00:00', try_number=1, map_index=-1)
2025-08-26 23:37:45,400 INFO - TaskInstance Finished: dag_id=modular_validation_dag, task_id=run_modular_validations, run_id=manual__2025-08-26T23:35:40.678757+00:00, map_index=-1, run_start_date=2025-08-26 23:35:48.744757+00:00, run_end_date=2025-08-26 23:37:44.164523+00:00, run_duration=115.419766, state=success, executor_state=success, try_number=1, max_tries=0, job_id=359, pool=default_pool, queue=default, priority_weight=1, operator=PythonOperator, queued_dttm=2025-08-26 23:35:41.782810+00:00, queued_by_job_id=353, pid=80267
2025-08-26 23:39:56,613 INFO - 1 tasks up for execution:
	<TaskInstance: modular_validation_dag.run_modular_validations manual__2025-08-26T23:39:55.866629+00:00 [scheduled]>
2025-08-26 23:39:56,614 INFO - DAG modular_validation_dag has 0/16 running and queued tasks
2025-08-26 23:39:56,615 INFO - Setting the following tasks to queued state:
	<TaskInstance: modular_validation_dag.run_modular_validations manual__2025-08-26T23:39:55.866629+00:00 [scheduled]>
2025-08-26 23:39:56,628 INFO - Sending TaskInstanceKey(dag_id='modular_validation_dag', task_id='run_modular_validations', run_id='manual__2025-08-26T23:39:55.866629+00:00', try_number=1, map_index=-1) to executor with priority 1 and queue default
2025-08-26 23:39:56,629 INFO - Adding to queue: ['airflow', 'tasks', 'run', 'modular_validation_dag', 'run_modular_validations', 'manual__2025-08-26T23:39:55.866629+00:00', '--local', '--subdir', 'DAGS_FOLDER/unified_dag.py']
2025-08-26 23:39:56,779 INFO - QueuedLocalWorker running ['airflow', 'tasks', 'run', 'modular_validation_dag', 'run_modular_validations', 'manual__2025-08-26T23:39:55.866629+00:00', '--local', '--subdir', 'DAGS_FOLDER/unified_dag.py']
2025-08-26 23:39:57,973 INFO - Filling up the DagBag from /home/ashahi/PFE/pip/data_quality/orchestration/dags/unified_dag.py
2025-08-26 23:40:01,432 INFO - Running <TaskInstance: modular_validation_dag.run_modular_validations manual__2025-08-26T23:39:55.866629+00:00 [queued]> on host AshLaptop.
2025-08-26 23:41:02,789 INFO - Marking run <DagRun modular_validation_dag @ 2025-08-26 23:39:55.866629+00:00: manual__2025-08-26T23:39:55.866629+00:00, state:running, queued_at: 2025-08-26 23:39:56.038511+00:00. externally triggered: True> successful
2025-08-26 23:41:02,795 INFO - DagRun Finished: dag_id=modular_validation_dag, execution_date=2025-08-26 23:39:55.866629+00:00, run_id=manual__2025-08-26T23:39:55.866629+00:00, run_start_date=2025-08-26 23:39:56.569402+00:00, run_end_date=2025-08-26 23:41:02.794600+00:00, run_duration=66.225198, state=success, external_trigger=True, run_type=manual, data_interval_start=2025-08-26 23:39:55.866629+00:00, data_interval_end=2025-08-26 23:39:55.866629+00:00, dag_hash=c01b18bbfdab5fc0516ee0c8d0ce9b56
2025-08-26 23:41:02,821 INFO - Received executor event with state success for task instance TaskInstanceKey(dag_id='modular_validation_dag', task_id='run_modular_validations', run_id='manual__2025-08-26T23:39:55.866629+00:00', try_number=1, map_index=-1)
2025-08-26 23:41:02,828 INFO - TaskInstance Finished: dag_id=modular_validation_dag, task_id=run_modular_validations, run_id=manual__2025-08-26T23:39:55.866629+00:00, map_index=-1, run_start_date=2025-08-26 23:40:01.622423+00:00, run_end_date=2025-08-26 23:41:02.458963+00:00, run_duration=60.83654, state=success, executor_state=success, try_number=1, max_tries=0, job_id=360, pool=default_pool, queue=default, priority_weight=1, operator=PythonOperator, queued_dttm=2025-08-26 23:39:56.615797+00:00, queued_by_job_id=353, pid=82078
2025-08-26 23:42:01,923 INFO - Adopting or resetting orphaned tasks for active dag runs
2025-08-26 23:50:53,610 INFO - Adopting or resetting orphaned tasks for active dag runs
2025-11-14 02:35:46,113 INFO - Task context logging is enabled
2025-11-14 02:35:46,115 INFO - Loaded executor: LocalExecutor
2025-11-14 02:35:51,211 INFO - Starting the scheduler
2025-11-14 02:35:51,212 INFO - Processing each file at most -1 times
2025-11-14 02:35:51,583 INFO - Launched DagFileProcessorManager with pid: 21049
2025-11-14 02:35:51,588 INFO - Adopting or resetting orphaned tasks for active dag runs
2025-11-14 02:35:51,599 INFO - Configured default timezone UTC
2025-11-14 02:41:04,157 INFO - Adopting or resetting orphaned tasks for active dag runs
2025-11-14 02:46:17,723 INFO - Adopting or resetting orphaned tasks for active dag runs
